<?xml version="1.0" encoding="UTF-8"?>
<coverage generated="1646129189168" clover="3.2.0">
  <project timestamp="1646129189168" name="All files">
    <metrics statements="49" coveredstatements="42" conditionals="14" coveredconditionals="10" methods="14" coveredmethods="12" elements="77" coveredelements="64" complexity="0" loc="49" ncloc="49" packages="4" files="7" classes="7"/>
    <package name="src">
      <metrics statements="1" coveredstatements="1" conditionals="0" coveredconditionals="0" methods="1" coveredmethods="1"/>
      <file name="App.js" path="D:\AutomateGA\New\SourceCode\automatega_reactjs\src\App.js">
        <metrics statements="1" coveredstatements="1" conditionals="0" coveredconditionals="0" methods="1" coveredmethods="1"/>
        <line num="5" count="1" type="stmt"/>
      </file>
    </package>
    <package name="src.components.login">
      <metrics statements="44" coveredstatements="39" conditionals="14" coveredconditionals="10" methods="10" coveredmethods="9"/>
      <file name="LoginComponent.js" path="D:\AutomateGA\New\SourceCode\automatega_reactjs\src\components\login\LoginComponent.js">
        <metrics statements="44" coveredstatements="39" conditionals="14" coveredconditionals="10" methods="10" coveredmethods="9"/>
        <line num="9" count="2" type="stmt"/>
        <line num="29" count="23" type="stmt"/>
        <line num="78" count="2" type="stmt"/>
        <line num="87" count="2" type="stmt"/>
        <line num="101" count="24" type="stmt"/>
        <line num="102" count="24" type="stmt"/>
        <line num="103" count="24" type="stmt"/>
        <line num="104" count="24" type="stmt"/>
        <line num="105" count="24" type="stmt"/>
        <line num="106" count="24" type="stmt"/>
        <line num="107" count="24" type="stmt"/>
        <line num="108" count="24" type="stmt"/>
        <line num="109" count="24" type="stmt"/>
        <line num="111" count="24" type="stmt"/>
        <line num="112" count="3" type="cond" truecount="1" falsecount="1"/>
        <line num="113" count="0" type="stmt"/>
        <line num="114" count="0" type="stmt"/>
        <line num="117" count="3" type="stmt"/>
        <line num="118" count="3" type="stmt"/>
        <line num="122" count="24" type="stmt"/>
        <line num="123" count="1" type="cond" truecount="1" falsecount="1"/>
        <line num="124" count="0" type="stmt"/>
        <line num="125" count="0" type="stmt"/>
        <line num="128" count="1" type="stmt"/>
        <line num="129" count="1" type="stmt"/>
        <line num="133" count="24" type="stmt"/>
        <line num="134" count="2" type="stmt"/>
        <line num="135" count="2" type="stmt"/>
        <line num="138" count="24" type="stmt"/>
        <line num="139" count="3" type="stmt"/>
        <line num="142" count="24" type="stmt"/>
        <line num="143" count="2" type="stmt"/>
        <line num="146" count="24" type="stmt"/>
        <line num="147" count="2" type="stmt"/>
        <line num="148" count="2" type="cond" truecount="4" falsecount="0"/>
        <line num="149" count="1" type="stmt"/>
        <line num="150" count="1" type="stmt"/>
        <line num="153" count="1" type="stmt"/>
        <line num="154" count="1" type="stmt"/>
        <line num="158" count="24" type="stmt"/>
        <line num="159" count="1" type="stmt"/>
        <line num="160" count="1" type="stmt"/>
        <line num="163" count="24" type="stmt"/>
        <line num="173" count="0" type="stmt"/>
      </file>
      <file name="LoginComponent.style.js" path="D:\AutomateGA\New\SourceCode\automatega_reactjs\src\components\login\LoginComponent.style.js">
        <metrics statements="0" coveredstatements="0" conditionals="0" coveredconditionals="0" methods="0" coveredmethods="0"/>
      </file>
    </package>
    <package name="src.components.shared">
      <metrics statements="2" coveredstatements="0" conditionals="0" coveredconditionals="0" methods="1" coveredmethods="0"/>
      <file name="CustomTextComponent.js" path="D:\AutomateGA\New\SourceCode\automatega_reactjs\src\components\shared\CustomTextComponent.js">
        <metrics statements="2" coveredstatements="0" conditionals="0" coveredconditionals="0" methods="1" coveredmethods="0"/>
        <line num="4" count="0" type="stmt"/>
        <line num="25" count="0" type="stmt"/>
      </file>
      <file name="HeaderComponent.js" path="D:\AutomateGA\New\SourceCode\automatega_reactjs\src\components\shared\HeaderComponent.js">
        <metrics statements="0" coveredstatements="0" conditionals="0" coveredconditionals="0" methods="0" coveredmethods="0"/>
      </file>
      <file name="global.styles.js" path="D:\AutomateGA\New\SourceCode\automatega_reactjs\src\components\shared\global.styles.js">
        <metrics statements="0" coveredstatements="0" conditionals="0" coveredconditionals="0" methods="0" coveredmethods="0"/>
      </file>
    </package>
    <package name="src.components.utils">
      <metrics statements="2" coveredstatements="2" conditionals="0" coveredconditionals="0" methods="2" coveredmethods="2"/>
      <file name="LoginPageUtils.js" path="D:\AutomateGA\New\SourceCode\automatega_reactjs\src\components\utils\LoginPageUtils.js">
        <metrics statements="2" coveredstatements="2" conditionals="0" coveredconditionals="0" methods="2" coveredmethods="2"/>
        <line num="3" count="5" type="stmt"/>
        <line num="7" count="2" type="stmt"/>
      </file>
    </package>
  </project>
</coverage>
