{"D:\\AutomateGA\\New\\SourceCode\\automatega_reactjs\\src\\App.js": {"path":"D:\\AutomateGA\\New\\SourceCode\\automatega_reactjs\\src\\App.js","statementMap":{"0":{"start":{"line":5,"column":2},"end":{"line":9,"column":4}}},"fnMap":{"0":{"name":"App","decl":{"start":{"line":4,"column":9},"end":{"line":4,"column":12}},"loc":{"start":{"line":4,"column":15},"end":{"line":10,"column":1}},"line":4}},"branchMap":{},"s":{"0":1},"f":{"0":1},"b":{},"_coverageSchema":"1a1c01bbd47fc00a2c39e90264f33305004495a9","hash":"77dc95bf7865416ac9985232700e522831a528df"}
,"D:\\AutomateGA\\New\\SourceCode\\automatega_reactjs\\src\\components\\login\\LoginComponent.js": {"path":"D:\\AutomateGA\\New\\SourceCode\\automatega_reactjs\\src\\components\\login\\LoginComponent.js","statementMap":{"0":{"start":{"line":9,"column":24},"end":{"line":27,"column":4}},"1":{"start":{"line":29,"column":23},"end":{"line":76,"column":5}},"2":{"start":{"line":29,"column":54},"end":{"line":76,"column":3}},"3":{"start":{"line":78,"column":33},"end":{"line":85,"column":4}},"4":{"start":{"line":87,"column":23},"end":{"line":98,"column":4}},"5":{"start":{"line":101,"column":20},"end":{"line":101,"column":31}},"6":{"start":{"line":102,"column":30},"end":{"line":102,"column":42}},"7":{"start":{"line":103,"column":36},"end":{"line":103,"column":48}},"8":{"start":{"line":104,"column":44},"end":{"line":104,"column":58}},"9":{"start":{"line":105,"column":40},"end":{"line":105,"column":55}},"10":{"start":{"line":106,"column":46},"end":{"line":106,"column":58}},"11":{"start":{"line":107,"column":36},"end":{"line":107,"column":51}},"12":{"start":{"line":108,"column":42},"end":{"line":108,"column":54}},"13":{"start":{"line":109,"column":44},"end":{"line":109,"column":59}},"14":{"start":{"line":111,"column":28},"end":{"line":120,"column":5}},"15":{"start":{"line":112,"column":6},"end":{"line":119,"column":7}},"16":{"start":{"line":113,"column":8},"end":{"line":113,"column":28}},"17":{"start":{"line":114,"column":8},"end":{"line":114,"column":28}},"18":{"start":{"line":117,"column":8},"end":{"line":117,"column":27}},"19":{"start":{"line":118,"column":8},"end":{"line":118,"column":60}},"20":{"start":{"line":122,"column":31},"end":{"line":131,"column":5}},"21":{"start":{"line":123,"column":6},"end":{"line":130,"column":7}},"22":{"start":{"line":124,"column":8},"end":{"line":124,"column":26}},"23":{"start":{"line":125,"column":8},"end":{"line":125,"column":26}},"24":{"start":{"line":128,"column":8},"end":{"line":128,"column":25}},"25":{"start":{"line":129,"column":8},"end":{"line":129,"column":43}},"26":{"start":{"line":133,"column":26},"end":{"line":136,"column":5}},"27":{"start":{"line":134,"column":6},"end":{"line":134,"column":30}},"28":{"start":{"line":135,"column":6},"end":{"line":135,"column":23}},"29":{"start":{"line":138,"column":29},"end":{"line":140,"column":5}},"30":{"start":{"line":139,"column":6},"end":{"line":139,"column":33}},"31":{"start":{"line":142,"column":31},"end":{"line":144,"column":5}},"32":{"start":{"line":143,"column":6},"end":{"line":143,"column":36}},"33":{"start":{"line":146,"column":24},"end":{"line":156,"column":5}},"34":{"start":{"line":147,"column":6},"end":{"line":147,"column":24}},"35":{"start":{"line":148,"column":6},"end":{"line":155,"column":7}},"36":{"start":{"line":149,"column":8},"end":{"line":149,"column":36}},"37":{"start":{"line":150,"column":8},"end":{"line":150,"column":29}},"38":{"start":{"line":153,"column":8},"end":{"line":153,"column":25}},"39":{"start":{"line":154,"column":8},"end":{"line":154,"column":28}},"40":{"start":{"line":158,"column":33},"end":{"line":161,"column":5}},"41":{"start":{"line":159,"column":6},"end":{"line":159,"column":25}},"42":{"start":{"line":160,"column":6},"end":{"line":160,"column":47}},"43":{"start":{"line":163,"column":2},"end":{"line":257,"column":3}},"44":{"start":{"line":173,"column":59},"end":{"line":173,"column":77}}},"fnMap":{"0":{"name":"(anonymous_0)","decl":{"start":{"line":29,"column":38},"end":{"line":29,"column":39}},"loc":{"start":{"line":29,"column":54},"end":{"line":76,"column":3}},"line":29},"1":{"name":"LoginComponent","decl":{"start":{"line":100,"column":24},"end":{"line":100,"column":38}},"loc":{"start":{"line":100,"column":41},"end":{"line":258,"column":1}},"line":100},"2":{"name":"(anonymous_2)","decl":{"start":{"line":111,"column":28},"end":{"line":111,"column":29}},"loc":{"start":{"line":111,"column":34},"end":{"line":120,"column":5}},"line":111},"3":{"name":"(anonymous_3)","decl":{"start":{"line":122,"column":31},"end":{"line":122,"column":32}},"loc":{"start":{"line":122,"column":37},"end":{"line":131,"column":5}},"line":122},"4":{"name":"(anonymous_4)","decl":{"start":{"line":133,"column":26},"end":{"line":133,"column":27}},"loc":{"start":{"line":133,"column":33},"end":{"line":136,"column":5}},"line":133},"5":{"name":"(anonymous_5)","decl":{"start":{"line":138,"column":29},"end":{"line":138,"column":30}},"loc":{"start":{"line":138,"column":36},"end":{"line":140,"column":5}},"line":138},"6":{"name":"(anonymous_6)","decl":{"start":{"line":142,"column":31},"end":{"line":142,"column":32}},"loc":{"start":{"line":142,"column":38},"end":{"line":144,"column":5}},"line":142},"7":{"name":"(anonymous_7)","decl":{"start":{"line":146,"column":24},"end":{"line":146,"column":25}},"loc":{"start":{"line":146,"column":31},"end":{"line":156,"column":5}},"line":146},"8":{"name":"(anonymous_8)","decl":{"start":{"line":158,"column":33},"end":{"line":158,"column":34}},"loc":{"start":{"line":158,"column":40},"end":{"line":161,"column":5}},"line":158},"9":{"name":"(anonymous_9)","decl":{"start":{"line":173,"column":53},"end":{"line":173,"column":54}},"loc":{"start":{"line":173,"column":58},"end":{"line":173,"column":78}},"line":173}},"branchMap":{"0":{"loc":{"start":{"line":50,"column":27},"end":{"line":50,"column":80}},"type":"cond-expr","locations":[{"start":{"line":50,"column":59},"end":{"line":50,"column":68}},{"start":{"line":50,"column":71},"end":{"line":50,"column":80}}],"line":50},"1":{"loc":{"start":{"line":73,"column":8},"end":{"line":73,"column":75}},"type":"cond-expr","locations":[{"start":{"line":73,"column":40},"end":{"line":73,"column":63}},{"start":{"line":73,"column":66},"end":{"line":73,"column":75}}],"line":73},"2":{"loc":{"start":{"line":112,"column":6},"end":{"line":119,"column":7}},"type":"if","locations":[{"start":{"line":112,"column":6},"end":{"line":119,"column":7}},{"start":{"line":116,"column":10},"end":{"line":119,"column":7}}],"line":112},"3":{"loc":{"start":{"line":123,"column":6},"end":{"line":130,"column":7}},"type":"if","locations":[{"start":{"line":123,"column":6},"end":{"line":130,"column":7}},{"start":{"line":127,"column":10},"end":{"line":130,"column":7}}],"line":123},"4":{"loc":{"start":{"line":148,"column":6},"end":{"line":155,"column":7}},"type":"if","locations":[{"start":{"line":148,"column":6},"end":{"line":155,"column":7}},{"start":{"line":152,"column":10},"end":{"line":155,"column":7}}],"line":148},"5":{"loc":{"start":{"line":148,"column":9},"end":{"line":148,"column":59}},"type":"binary-expr","locations":[{"start":{"line":148,"column":9},"end":{"line":148,"column":32}},{"start":{"line":148,"column":36},"end":{"line":148,"column":59}}],"line":148},"6":{"loc":{"start":{"line":198,"column":46},"end":{"line":198,"column":80}},"type":"cond-expr","locations":[{"start":{"line":198,"column":61},"end":{"line":198,"column":67}},{"start":{"line":198,"column":70},"end":{"line":198,"column":80}}],"line":198}},"s":{"0":2,"1":2,"2":23,"3":2,"4":2,"5":24,"6":24,"7":24,"8":24,"9":24,"10":24,"11":24,"12":24,"13":24,"14":24,"15":3,"16":0,"17":0,"18":3,"19":3,"20":24,"21":1,"22":0,"23":0,"24":1,"25":1,"26":24,"27":2,"28":2,"29":24,"30":3,"31":24,"32":2,"33":24,"34":2,"35":2,"36":1,"37":1,"38":1,"39":1,"40":24,"41":1,"42":1,"43":24,"44":0},"f":{"0":23,"1":24,"2":3,"3":1,"4":2,"5":3,"6":2,"7":2,"8":1,"9":0},"b":{"0":[0,23],"1":[0,23],"2":[0,3],"3":[0,1],"4":[1,1],"5":[2,1],"6":[1,23]},"_coverageSchema":"1a1c01bbd47fc00a2c39e90264f33305004495a9","hash":"ad83ec5f6d3a270af8b3848dc599eccb6d50e7b3"}
,"D:\\AutomateGA\\New\\SourceCode\\automatega_reactjs\\src\\components\\login\\LoginComponent.style.js": {"path":"D:\\AutomateGA\\New\\SourceCode\\automatega_reactjs\\src\\components\\login\\LoginComponent.style.js","statementMap":{},"fnMap":{},"branchMap":{},"s":{},"f":{},"b":{},"_coverageSchema":"1a1c01bbd47fc00a2c39e90264f33305004495a9","hash":"7297ebe29785beb2b3f0b60b766582cc35ad262c"}
,"D:\\AutomateGA\\New\\SourceCode\\automatega_reactjs\\src\\components\\shared\\CustomTextComponent.js": {"path":"D:\\AutomateGA\\New\\SourceCode\\automatega_reactjs\\src\\components\\shared\\CustomTextComponent.js","statementMap":{"0":{"start":{"line":4,"column":24},"end":{"line":22,"column":2}},"1":{"start":{"line":25,"column":2},"end":{"line":27,"column":3}}},"fnMap":{"0":{"name":"CustomTextComponent","decl":{"start":{"line":24,"column":24},"end":{"line":24,"column":43}},"loc":{"start":{"line":24,"column":51},"end":{"line":28,"column":1}},"line":24}},"branchMap":{},"s":{"0":0,"1":0},"f":{"0":0},"b":{}}
,"D:\\AutomateGA\\New\\SourceCode\\automatega_reactjs\\src\\components\\shared\\HeaderComponent.js": {"path":"D:\\AutomateGA\\New\\SourceCode\\automatega_reactjs\\src\\components\\shared\\HeaderComponent.js","statementMap":{},"fnMap":{},"branchMap":{},"s":{},"f":{},"b":{}}
,"D:\\AutomateGA\\New\\SourceCode\\automatega_reactjs\\src\\components\\shared\\global.styles.js": {"path":"D:\\AutomateGA\\New\\SourceCode\\automatega_reactjs\\src\\components\\shared\\global.styles.js","statementMap":{},"fnMap":{},"branchMap":{},"s":{},"f":{},"b":{}}
,"D:\\AutomateGA\\New\\SourceCode\\automatega_reactjs\\src\\components\\utils\\LoginPageUtils.js": {"path":"D:\\AutomateGA\\New\\SourceCode\\automatega_reactjs\\src\\components\\utils\\LoginPageUtils.js","statementMap":{"0":{"start":{"line":3,"column":4},"end":{"line":3,"column":66}},"1":{"start":{"line":7,"column":4},"end":{"line":7,"column":25}}},"fnMap":{"0":{"name":"checkEmailFormat","decl":{"start":{"line":2,"column":16},"end":{"line":2,"column":32}},"loc":{"start":{"line":2,"column":39},"end":{"line":4,"column":1}},"line":2},"1":{"name":"checkPassword","decl":{"start":{"line":6,"column":16},"end":{"line":6,"column":29}},"loc":{"start":{"line":6,"column":34},"end":{"line":8,"column":1}},"line":6}},"branchMap":{},"s":{"0":5,"1":2},"f":{"0":5,"1":2},"b":{},"_coverageSchema":"1a1c01bbd47fc00a2c39e90264f33305004495a9","hash":"19588da1e21116dd1a1bf347428b01acd1b28961"}
}
