TN:
SF:src\App.js
FN:4,App
FNF:1
FNH:1
FNDA:1,App
DA:5,1
LF:1
LH:1
BRF:0
BRH:0
end_of_record
TN:
SF:src\components\login\LoginComponent.js
FN:29,(anonymous_0)
FN:100,LoginComponent
FN:111,(anonymous_2)
FN:122,(anonymous_3)
FN:133,(anonymous_4)
FN:138,(anonymous_5)
FN:142,(anonymous_6)
FN:146,(anonymous_7)
FN:158,(anonymous_8)
FN:173,(anonymous_9)
FNF:10
FNH:9
FNDA:23,(anonymous_0)
FNDA:24,LoginComponent
FNDA:3,(anonymous_2)
FNDA:1,(anonymous_3)
FNDA:2,(anonymous_4)
FNDA:3,(anonymous_5)
FNDA:2,(anonymous_6)
FNDA:2,(anonymous_7)
FNDA:1,(anonymous_8)
FNDA:0,(anonymous_9)
DA:9,2
DA:29,23
DA:78,2
DA:87,2
DA:101,24
DA:102,24
DA:103,24
DA:104,24
DA:105,24
DA:106,24
DA:107,24
DA:108,24
DA:109,24
DA:111,24
DA:112,3
DA:113,0
DA:114,0
DA:117,3
DA:118,3
DA:122,24
DA:123,1
DA:124,0
DA:125,0
DA:128,1
DA:129,1
DA:133,24
DA:134,2
DA:135,2
DA:138,24
DA:139,3
DA:142,24
DA:143,2
DA:146,24
DA:147,2
DA:148,2
DA:149,1
DA:150,1
DA:153,1
DA:154,1
DA:158,24
DA:159,1
DA:160,1
DA:163,24
DA:173,0
LF:44
LH:39
BRDA:50,0,0,0
BRDA:50,0,1,23
BRDA:73,1,0,0
BRDA:73,1,1,23
BRDA:112,2,0,0
BRDA:112,2,1,3
BRDA:123,3,0,0
BRDA:123,3,1,1
BRDA:148,4,0,1
BRDA:148,4,1,1
BRDA:148,5,0,2
BRDA:148,5,1,1
BRDA:198,6,0,1
BRDA:198,6,1,23
BRF:14
BRH:10
end_of_record
TN:
SF:src\components\login\LoginComponent.style.js
FNF:0
FNH:0
LF:0
LH:0
BRF:0
BRH:0
end_of_record
TN:
SF:src\components\shared\CustomTextComponent.js
FN:24,CustomTextComponent
FNF:1
FNH:0
FNDA:0,CustomTextComponent
DA:4,0
DA:25,0
LF:2
LH:0
BRF:0
BRH:0
end_of_record
TN:
SF:src\components\shared\HeaderComponent.js
FNF:0
FNH:0
LF:0
LH:0
BRF:0
BRH:0
end_of_record
TN:
SF:src\components\shared\global.styles.js
FNF:0
FNH:0
LF:0
LH:0
BRF:0
BRH:0
end_of_record
TN:
SF:src\components\utils\LoginPageUtils.js
FN:2,checkEmailFormat
FN:6,checkPassword
FNF:2
FNH:2
FNDA:5,checkEmailFormat
FNDA:2,checkPassword
DA:3,5
DA:7,2
LF:2
LH:2
BRF:0
BRH:0
end_of_record
